<testng-results>
  <reporter-output>
  </reporter-output>
  <suite name="org.synku4j.activesync.client">
    <groups>
    </groups>
    <test name="org.synku4j.activesync.client.ActiveSyncClientTest">
      <class name="org.synku4j.activesync.client.ActiveSyncClientTest">
        <test-method status="PASS" signature="testFolderSync()" name="testFolderSync" duration-ms="5398" started-at="2009-11-18T16:29:59Z" finished-at="2009-11-18T16:30:04Z">
        </test-method>
      </class>
    </test>
  </suite>
</testng-results>
